Arguments: 
  /Users/katarzyna/.asdf/installs/nodejs/10.1.0/bin/node /usr/local/Cellar/yarn/1.6.0/libexec/bin/yarn.js install

PATH: 
  /usr/local/opt/v8@3.15/bin:/usr/local/opt/v8@3.15/bin:/usr/local/opt/qt@5.5/bin:/usr/local/opt/qt@5.5/bin:/Users/katarzyna/.asdf/shims:/Users/katarzyna/.asdf/bin:/usr/local/bin:/usr/bin:/bin:/usr/sbin:/sbin:/usr/local/sbin

Yarn version: 
  1.6.0

Node version: 
  10.1.0

Platform: 
  darwin x64

Trace: 
  SyntaxError: /Users/katarzyna/projects/classRegister/package.json: Unexpected token } in JSON at position 672
      at JSON.parse (<anonymous>)
      at /usr/local/Cellar/yarn/1.6.0/libexec/lib/cli.js:1130:59
      at Generator.next (<anonymous>)
      at step (/usr/local/Cellar/yarn/1.6.0/libexec/lib/cli.js:98:30)
      at /usr/local/Cellar/yarn/1.6.0/libexec/lib/cli.js:109:13

npm manifest: 
  {
    "name": "clasRegister",
    "version": "1.0.0",
    "description": "Simple register for students",
    "main": "index.js",
    "repository": "git@github.com:kasiabernad/clasRegister.git",
    "scripts": {
      "start": "node ./node_modules/webpack-dev-server/bin/webpack-dev-server.js"
    },
    "author": "Katarzyna Bernad",
    "license": "ISC",
    "devDependencies": {
      "babel-core": "^6.2.1",
      "babel-loader": "^6.2.0",
      "babel-preset-es2015": "^6.1.18",
      "babel-preset-react": "^6.1.18",
      "webpack": "^1.12.9",
      "webpack-dev-server": "^1.14.0"
    },
    "dependencies": {
      "babel-preset-stage-1": "^6.1.18",
      "react": "^0.14.3",
      "react-dom": "^0.14.3",
    }
  }

yarn manifest: 
  No manifest

Lockfile: 
  No lockfile
